<?xml version="1.0" encoding="UTF-8"?>
<!-- Generated by org.testng.reporters.JUnitReportReporter -->
<testsuite hostname="PS-L6" failures="0" tests="1" name="com.paySecure.testngClass.report" time="22.018" errors="0" timestamp="2025-06-25T22:31:02 IST" skipped="0">
  <testcase classname="com.paySecure.testngClass.report" name="transactionUsingSelectStatus" time="22.018">
    <system-out>
      <![CDATA[user select status like [[ChromeDriver: chrome on windows (46a790020bc19807c732361f8e94509f)] -> xpath: (//a[contains(@class,'colorpid lstStatusBtn')])[1]]
click on the search button 
no records are found]]>
    </system-out>
  </testcase> <!-- transactionUsingSelectStatus -->
  <system-out>
    <![CDATA[user select status like [[ChromeDriver: chrome on windows (46a790020bc19807c732361f8e94509f)] -> xpath: (//a[contains(@class,'colorpid lstStatusBtn')])[1]]
click on the search button 
no records are found]]>
  </system-out>
</testsuite> <!-- com.paySecure.testngClass.report -->
