<?xml version="1.0" encoding="UTF-8"?>
<!-- Generated by org.testng.reporters.JUnitReportReporter -->
<testsuite hostname="PS-L6" failures="0" tests="1" name="com.paySecure.report.testngClass.apiLog" time="21.009" errors="0" timestamp="2025-07-03T13:50:14 IST" skipped="0">
  <testcase classname="com.paySecure.report.testngClass.apiLog" name="f" time="21.009">
    <system-out>
      <![CDATA[Click on Report Module
Click on Api Log Sub Module
Verify user is on the Api Report page
Click on the Date range
select date range :- This Week
click on the select merchant filed
Enter merchant name in a search merchant functioanlity
select merchant from all merchnat
select merchant from all merchnat
select Merchant name :- Abhishekkk
After filtering no records are found
Click on Search Button
After filtering no records are found
Click on Download Button
Verify 'No records to download.' this alert message succesfully
Click on OK Button]]>
    </system-out>
  </testcase> <!-- f -->
  <system-out>
    <![CDATA[Click on Report Module
Click on Api Log Sub Module
Verify user is on the Api Report page
Click on the Date range
select date range :- This Week
click on the select merchant filed
Enter merchant name in a search merchant functioanlity
select merchant from all merchnat
select merchant from all merchnat
select Merchant name :- Abhishekkk
After filtering no records are found
Click on Search Button
After filtering no records are found
Click on Download Button
Verify 'No records to download.' this alert message succesfully
Click on OK Button]]>
  </system-out>
</testsuite> <!-- com.paySecure.report.testngClass.apiLog -->
