<?xml version="1.0" encoding="UTF-8"?>
<!-- Generated by org.testng.reporters.JUnitReportReporter -->
<testsuite hostname="PS-L6" failures="0" tests="1" name="com.paySecure.testngClass.payScure" time="11.940" errors="0" timestamp="2025-06-26T18:18:51 IST" skipped="0">
  <testcase classname="com.paySecure.testngClass.payScure" name="f" time="11.940"/>
</testsuite> <!-- com.paySecure.testngClass.payScure -->
