<?xml version="1.0" encoding="UTF-8"?>
<!-- Generated by org.testng.reporters.JUnitReportReporter -->
<testsuite hostname="PS-L6" failures="0" tests="1" name="com.paySecure.report.testngClass.Bank_Transaction_Time_Report" time="18.113" errors="0" timestamp="2025-07-03T11:32:12 IST" skipped="0">
  <testcase classname="com.paySecure.report.testngClass.Bank_Transaction_Time_Report" name="verifyBankTransactionTimeReport" time="18.113">
    <system-out>
      <![CDATA[Click on Report Module
Click on Bank Transaction Time Sub Module
verify user is on the Bank Transaction Time Report
todays date :- 03/07/2025
Converted Date: 03/07/2025
checking todays date are displays on this Bank transaction report page
Click on Calendor Button in Calendor
Click on Date
Click on Apply Button in Calendor
click on Select Bank
click on the Select Bank
Enter Merchnat bank name in a Search Bank name text field
select Merchant Bank from all Merchant bank]]>
    </system-out>
  </testcase> <!-- verifyBankTransactionTimeReport -->
  <system-out>
    <![CDATA[Click on Report Module
Click on Bank Transaction Time Sub Module
verify user is on the Bank Transaction Time Report
todays date :- 03/07/2025
Converted Date: 03/07/2025
checking todays date are displays on this Bank transaction report page
Click on Calendor Button in Calendor
Click on Date
Click on Apply Button in Calendor
click on Select Bank
click on the Select Bank
Enter Merchnat bank name in a Search Bank name text field
select Merchant Bank from all Merchant bank]]>
  </system-out>
</testsuite> <!-- com.paySecure.report.testngClass.Bank_Transaction_Time_Report -->
