<?xml version="1.0" encoding="UTF-8"?>
<!-- Generated by org.testng.reporters.JUnitReportReporter -->
<testsuite hostname="PS-L6" failures="0" tests="12" name="com.paySecure.report.testngClass.transaction" time="26.406" errors="0" timestamp="2025-07-03T19:34:40 IST" skipped="11">
  <testcase classname="com.paySecure.report.testngClass.transaction" name="transactionUsingSelectMerchant" time="26.406">
    <system-out>
      <![CDATA[click on the select merchant filed
Enter merchant name in a search merchant functioanlity
select merchant from all merchnat
click on the search button 
After filtering no records are found]]>
    </system-out>
  </testcase> <!-- transactionUsingSelectMerchant -->
  <testcase classname="com.paySecure.report.testngClass.transaction" name="selectTimeZoneAndVerify">
    <skipped/>
  </testcase> <!-- selectTimeZoneAndVerify -->
  <testcase classname="com.paySecure.report.testngClass.transaction" name="transactionUsingSelectBank">
    <skipped/>
  </testcase> <!-- transactionUsingSelectBank -->
  <testcase classname="com.paySecure.report.testngClass.transaction" name="selectDateRangeToAndFrom">
    <skipped/>
  </testcase> <!-- selectDateRangeToAndFrom -->
  <testcase classname="com.paySecure.report.testngClass.transaction" name="transactionUsingSelectStatus">
    <skipped/>
  </testcase> <!-- transactionUsingSelectStatus -->
  <testcase classname="com.paySecure.report.testngClass.transaction" name="endToEndFlowOfTransaction">
    <skipped/>
  </testcase> <!-- endToEndFlowOfTransaction -->
  <testcase classname="com.paySecure.report.testngClass.transaction" name="validatetransactiondataWithCSV">
    <skipped/>
  </testcase> <!-- validatetransactiondataWithCSV -->
  <testcase classname="com.paySecure.report.testngClass.transaction" name="selectDate">
    <skipped/>
  </testcase> <!-- selectDate -->
  <testcase classname="com.paySecure.report.testngClass.transaction" name="allActionOnTransactionPage">
    <skipped/>
  </testcase> <!-- allActionOnTransactionPage -->
  <testcase classname="com.paySecure.report.testngClass.transaction" name="selectCurrency">
    <skipped/>
  </testcase> <!-- selectCurrency -->
  <testcase classname="com.paySecure.report.testngClass.transaction" name="selectMIDBasedOnBank">
    <skipped/>
  </testcase> <!-- selectMIDBasedOnBank -->
  <testcase classname="com.paySecure.report.testngClass.transaction" name="status">
    <skipped/>
  </testcase> <!-- status -->
  <system-out>
    <![CDATA[Click on Report Module
Click on Transaction Sub Module
click on the select merchant filed
Enter merchant name in a search merchant functioanlity
select merchant from all merchnat
click on the search button 
After filtering no records are found]]>
  </system-out>
</testsuite> <!-- com.paySecure.report.testngClass.transaction -->
