<?xml version="1.0" encoding="UTF-8"?>
<!-- Generated by org.testng.reporters.JUnitReportReporter -->
<testsuite hostname="PS-L6" failures="0" tests="11" name="com.paySecure.testngClass.report" time="40.462" errors="0" timestamp="2025-07-01T12:43:02 IST" skipped="10">
  <testcase classname="com.paySecure.testngClass.report" name="allActionOnTransactionPage" time="40.462">
    <system-out>
      <![CDATA[Click on the Last Action Button in transaction Table
Verified transaction id test is present on Last action
Click on the Cancel  Button
Click on the History Button in transaction Table
Click on the Cancel  Button
Click on the Remarks Button in transaction Table
Veirifies Transaction ID on Remarks page is disabled
Click on the Cancel  Button
Click on the Remarks Button in transaction Table
Click on the send message Button
Verify error message 
Click on the OK  Button
Click on the Remarks Button in transaction Table
Click on the Cancel  Button
Click on the Remarks Button in transaction Table
when user click on Remarks then at initial stage select user type field is disabled
User select values from user type dropdown
After selecting user type values then Select user type field is enabled
User select a error
User enter Error message is Message Field
User click on send message button
Message sent successfully is verified
Click on OK button on success message]]>
    </system-out>
  </testcase> <!-- allActionOnTransactionPage -->
  <testcase classname="com.paySecure.testngClass.report" name="selectCurrency">
    <skipped/>
  </testcase> <!-- selectCurrency -->
  <testcase classname="com.paySecure.testngClass.report" name="transactionUsingSelectMerchant">
    <skipped/>
  </testcase> <!-- transactionUsingSelectMerchant -->
  <testcase classname="com.paySecure.testngClass.report" name="transactionUsingSelectBank">
    <skipped/>
  </testcase> <!-- transactionUsingSelectBank -->
  <testcase classname="com.paySecure.testngClass.report" name="selectDateRangeToAndFrom">
    <skipped/>
  </testcase> <!-- selectDateRangeToAndFrom -->
  <testcase classname="com.paySecure.testngClass.report" name="transactionUsingSelectStatus">
    <skipped/>
  </testcase> <!-- transactionUsingSelectStatus -->
  <testcase classname="com.paySecure.testngClass.report" name="status">
    <skipped/>
  </testcase> <!-- status -->
  <testcase classname="com.paySecure.testngClass.report" name="selectMIDBasedOnBank">
    <skipped/>
  </testcase> <!-- selectMIDBasedOnBank -->
  <testcase classname="com.paySecure.testngClass.report" name="selectTimeZoneAndVerify">
    <skipped/>
  </testcase> <!-- selectTimeZoneAndVerify -->
  <testcase classname="com.paySecure.testngClass.report" name="remarks">
    <skipped/>
  </testcase> <!-- remarks -->
  <testcase classname="com.paySecure.testngClass.report" name="selectDate">
    <skipped/>
  </testcase> <!-- selectDate -->
  <system-out>
    <![CDATA[Click on Report Module
Click on Transaction Sub Module
Click on the Last Action Button in transaction Table
Verified transaction id test is present on Last action
Click on the Cancel  Button
Click on the History Button in transaction Table
Click on the Cancel  Button
Click on the Remarks Button in transaction Table
Veirifies Transaction ID on Remarks page is disabled
Click on the Cancel  Button
Click on the Remarks Button in transaction Table
Click on the send message Button
Verify error message 
Click on the OK  Button
Click on the Remarks Button in transaction Table
Click on the Cancel  Button
Click on the Remarks Button in transaction Table
when user click on Remarks then at initial stage select user type field is disabled
User select values from user type dropdown
After selecting user type values then Select user type field is enabled
User select a error
User enter Error message is Message Field
User click on send message button
Message sent successfully is verified
Click on OK button on success message]]>
  </system-out>
</testsuite> <!-- com.paySecure.testngClass.report -->
