<?xml version="1.0" encoding="UTF-8"?>
<!-- Generated by org.testng.reporters.JUnitReportReporter -->
<testsuite hostname="PS-L6" failures="0" tests="1" name="com.report.test.apiLog" time="50.023" errors="0" timestamp="2025-07-10T14:49:21 IST" skipped="0">
  <testcase classname="com.report.test.apiLog" name="f" time="50.023">
    <system-out>
      <![CDATA[Click on Report Module
Click on Api Log Sub Module
Verify user is on the Api Report page
Click on the Date range
select date range :- This Week
User select api :- Check_Customer_TrustScore
click on the select merchant filed
Enter merchant name in a search merchant functioanlity
select merchant name :- AbhiMerchant
select merchant from all merchnat
Click on Search Button
Click on Download Button]]>
    </system-out>
  </testcase> <!-- f -->
  <system-out>
    <![CDATA[User enter ID in Username field
User Enter Password in password field
Click on submit button in login page
Click on Report Module
Click on Api Log Sub Module
Verify user is on the Api Report page
Click on the Date range
select date range :- This Week
User select api :- Check_Customer_TrustScore
click on the select merchant filed
Enter merchant name in a search merchant functioanlity
select merchant name :- AbhiMerchant
select merchant from all merchnat
Click on Search Button
Click on Download Button]]>
  </system-out>
</testsuite> <!-- com.report.test.apiLog -->
