<?xml version="1.0" encoding="UTF-8"?>
<!-- Generated by org.testng.reporters.JUnitReportReporter -->
<testsuite hostname="PS-L6" failures="1" tests="12" name="com.paySecure.report.testngClass.transaction" time="22.758" errors="0" timestamp="2025-07-03T22:22:54 IST" skipped="11">
  <testcase classname="com.paySecure.report.testngClass.transaction" name="validatetransactiondataWithCSV" time="22.758">
    <failure message="Mismatch in Transaction ID at row:  expected [6862b2ff18bb226af2054ed0] but found [6865339f75777a6807dd2a50]" type="java.lang.AssertionError">
      <![CDATA[java.lang.AssertionError: Mismatch in Transaction ID at row:  expected [6862b2ff18bb226af2054ed0] but found [6865339f75777a6807dd2a50]
at org.testng.Assert.fail(Assert.java:111)
at org.testng.Assert.failNotEquals(Assert.java:1590)
at org.testng.Assert.assertEqualsImpl(Assert.java:150)
at org.testng.Assert.assertEquals(Assert.java:132)
at org.testng.Assert.assertEquals(Assert.java:656)
at com.report.pomClasses.transaction_pomClasses.validateTransactiondataWithCSV(transaction_pomClasses.java:721)
at com.paySecure.report.testngClass.transaction.validatetransactiondataWithCSV(transaction.java:164)
at java.base/jdk.internal.reflect.DirectMethodHandleAccessor.invoke(DirectMethodHandleAccessor.java:103)
at java.base/java.lang.reflect.Method.invoke(Method.java:580)
at org.testng.internal.invokers.MethodInvocationHelper.invokeMethod(MethodInvocationHelper.java:141)
at org.testng.internal.invokers.TestInvoker.invokeMethod(TestInvoker.java:687)
at org.testng.internal.invokers.TestInvoker.invokeTestMethod(TestInvoker.java:230)
at org.testng.internal.invokers.MethodRunner.runInSequence(MethodRunner.java:63)
at org.testng.internal.invokers.TestInvoker$MethodInvocationAgent.invoke(TestInvoker.java:995)
at org.testng.internal.invokers.TestInvoker.invokeTestMethods(TestInvoker.java:203)
at org.testng.internal.invokers.TestMethodWorker.invokeTestMethods(TestMethodWorker.java:154)
at org.testng.internal.invokers.TestMethodWorker.run(TestMethodWorker.java:134)
at java.base/java.util.ArrayList.forEach(ArrayList.java:1596)
at org.testng.TestRunner.privateRun(TestRunner.java:741)
at org.testng.TestRunner.run(TestRunner.java:616)
at org.testng.SuiteRunner.runTest(SuiteRunner.java:421)
at org.testng.SuiteRunner.runSequentially(SuiteRunner.java:413)
at org.testng.SuiteRunner.privateRun(SuiteRunner.java:373)
at org.testng.SuiteRunner.run(SuiteRunner.java:312)
at org.testng.SuiteRunnerWorker.runSuite(SuiteRunnerWorker.java:52)
at org.testng.SuiteRunnerWorker.run(SuiteRunnerWorker.java:95)
at org.testng.TestNG.runSuitesSequentially(TestNG.java:1274)
at org.testng.TestNG.runSuitesLocally(TestNG.java:1208)
at org.testng.TestNG.runSuites(TestNG.java:1112)
at org.testng.TestNG.run(TestNG.java:1079)
at org.testng.remote.AbstractRemoteTestNG.run(AbstractRemoteTestNG.java:115)
at org.testng.remote.RemoteTestNG.initAndRun(RemoteTestNG.java:293)
at org.testng.remote.RemoteTestNG.main(RemoteTestNG.java:91)
]]>
    </failure>
    <system-out>
      <![CDATA[Click on the Date range
select date range :- Yesterday
click on the search button ]]>
    </system-out>
  </testcase> <!-- validatetransactiondataWithCSV -->
  <testcase classname="com.paySecure.report.testngClass.transaction" name="selectDateRangeToAndFrom">
    <skipped/>
  </testcase> <!-- selectDateRangeToAndFrom -->
  <testcase classname="com.paySecure.report.testngClass.transaction" name="transactionUsingSelectMerchant">
    <skipped/>
  </testcase> <!-- transactionUsingSelectMerchant -->
  <testcase classname="com.paySecure.report.testngClass.transaction" name="selectTimeZoneAndVerify">
    <skipped/>
  </testcase> <!-- selectTimeZoneAndVerify -->
  <testcase classname="com.paySecure.report.testngClass.transaction" name="transactionUsingSelectBank">
    <skipped/>
  </testcase> <!-- transactionUsingSelectBank -->
  <testcase classname="com.paySecure.report.testngClass.transaction" name="transactionUsingSelectStatus">
    <skipped/>
  </testcase> <!-- transactionUsingSelectStatus -->
  <testcase classname="com.paySecure.report.testngClass.transaction" name="allActionOnTransactionPage">
    <skipped/>
  </testcase> <!-- allActionOnTransactionPage -->
  <testcase classname="com.paySecure.report.testngClass.transaction" name="selectDate">
    <skipped/>
  </testcase> <!-- selectDate -->
  <testcase classname="com.paySecure.report.testngClass.transaction" name="selectCurrency">
    <skipped/>
  </testcase> <!-- selectCurrency -->
  <testcase classname="com.paySecure.report.testngClass.transaction" name="status">
    <skipped/>
  </testcase> <!-- status -->
  <testcase classname="com.paySecure.report.testngClass.transaction" name="selectMIDBasedOnBank">
    <skipped/>
  </testcase> <!-- selectMIDBasedOnBank -->
  <testcase classname="com.paySecure.report.testngClass.transaction" name="endToEndFlowOfTransaction">
    <skipped/>
  </testcase> <!-- endToEndFlowOfTransaction -->
  <system-out>
    <![CDATA[Click on Report Module
Click on Transaction Sub Module
Click on the Date range
select date range :- Yesterday
click on the search button ]]>
  </system-out>
</testsuite> <!-- com.paySecure.report.testngClass.transaction -->
