<?xml version="1.0" encoding="UTF-8"?>
<!-- Generated by org.testng.reporters.JUnitReportReporter -->
<testsuite hostname="PS-L6" failures="0" tests="1" name="com.paySecure.report.testngClass.transactionLog" time="25.240" errors="0" timestamp="2025-07-03T15:26:40 IST" skipped="0">
  <testcase classname="com.paySecure.report.testngClass.transactionLog" name="verifyTransactionLog" time="25.240">
    <system-out>
      <![CDATA[Click on Report Module
Click on Transaction Log Sub Module
Verify user is on the Transaction Log page
Click on the Date range
select date range :- Last 30 Days
User enter purchase ID in Purchase ID text Field
Click on Search Button
Click on Download Button
Click on Purchase ID Button
Verified same purchase ID is occure Transactional details page
Click on close Button in transactional Details page]]>
    </system-out>
  </testcase> <!-- verifyTransactionLog -->
  <system-out>
    <![CDATA[Click on Report Module
Click on Transaction Log Sub Module
Verify user is on the Transaction Log page
Click on the Date range
select date range :- Last 30 Days
User enter purchase ID in Purchase ID text Field
Click on Search Button
Click on Download Button
Click on Purchase ID Button
Verified same purchase ID is occure Transactional details page
Click on close Button in transactional Details page]]>
  </system-out>
</testsuite> <!-- com.paySecure.report.testngClass.transactionLog -->
