<?xml version="1.0" encoding="UTF-8"?>
<!-- Generated by org.testng.reporters.JUnitReportReporter -->
<testsuite hostname="PS-L6" failures="0" tests="1" name="com.paySecure.report.testngClass.NewTest" time="8.932" errors="0" timestamp="2025-07-02T17:54:14 IST" skipped="0">
  <testcase classname="com.paySecure.report.testngClass.NewTest" name="f" time="8.932"/>
</testsuite> <!-- com.paySecure.report.testngClass.NewTest -->
