<?xml version="1.0" encoding="UTF-8"?>
<!-- Generated by org.testng.reporters.JUnitReportReporter -->
<testsuite hostname="PS-L6" failures="0" tests="1" name="com.paySecure.report.testngClass.download" time="44.587" errors="0" timestamp="2025-07-03T17:00:13 IST" skipped="0">
  <testcase classname="com.paySecure.report.testngClass.download" name="downloadTransaction" time="44.587">
    <system-out>
      <![CDATA[Click on Report Module
Click on download Sub Module
Verify user is on the Download page
user select status like Error
click on Select Bank
click on the Select Bank
Enter Merchnat bank name in a Search Bank name text field
select Merchant Bank from all Merchant bank
Select MID from MID dropdown
Click on the Date range
select date range :- Yesterday
Select Time Zone :- Asia/Hong_Kong
user select values Bank Transactions
Click on Download Button]]>
    </system-out>
  </testcase> <!-- downloadTransaction -->
  <system-out>
    <![CDATA[Click on Report Module
Click on download Sub Module
Verify user is on the Download page
user select status like Error
click on Select Bank
click on the Select Bank
Enter Merchnat bank name in a Search Bank name text field
select Merchant Bank from all Merchant bank
Select MID from MID dropdown
Click on the Date range
select date range :- Yesterday
Select Time Zone :- Asia/Hong_Kong
user select values Bank Transactions
Click on Download Button]]>
  </system-out>
</testsuite> <!-- com.paySecure.report.testngClass.download -->
