<?xml version="1.0" encoding="UTF-8"?>
<!-- Generated by org.testng.reporters.JUnitReportReporter -->
<testsuite hostname="PS-L6" failures="0" tests="1" name="com.paySecure.testngClass.payoutDashboard" time="28.615" errors="0" timestamp="2025-06-26T18:19:56 IST" skipped="0">
  <testcase classname="com.paySecure.testngClass.payoutDashboard" name="verifyUserIsOnPayoutDashBoard" time="28.615"/>
</testsuite> <!-- com.paySecure.testngClass.payoutDashboard -->
