<?xml version="1.0" encoding="UTF-8"?>
<!-- Generated by org.testng.reporters.JUnitReportReporter -->
<testsuite hostname="PS-L6" failures="0" tests="2" name="com.report.test.transactionLog" time="60.102" errors="0" timestamp="2025-07-10T12:34:51 IST" skipped="0">
  <testcase classname="com.report.test.transactionLog" name="verifyTransactionLog" time="32.516">
    <system-out>
      <![CDATA[Click on Report Module
Click on Transaction Log Sub Module
Verify user is on the Transaction Log page
Click on the Date range
select date range :- Last 30 Days
User enter purchase ID in Purchase ID text Field
Click on Search Button
Click on Download Button
Click on Purchase ID Button
Verified same purchase ID is occure Transactional details page
Click on close Button in transactional Details page]]>
    </system-out>
  </testcase> <!-- verifyTransactionLog -->
  <testcase classname="com.report.test.transactionLog" name="verify_purchaseIDJson" time="27.586">
    <system-out>
      <![CDATA[Click on Report Module
Click on Transaction Log Sub Module
Verify user is on the Transaction Log page
Click on the Date range
select date range :- Last 30 Days
User enter purchase ID in Purchase ID text Field
Click on Search Button
Verified both purchase ID is Matches]]>
    </system-out>
  </testcase> <!-- verify_purchaseIDJson -->
  <system-out>
    <![CDATA[User enter ID in Username field
User Enter Password in password field
Click on submit button in login page
Click on Report Module
Click on Transaction Log Sub Module
Verify user is on the Transaction Log page
Click on the Date range
select date range :- Last 30 Days
User enter purchase ID in Purchase ID text Field
Click on Search Button
Click on Download Button
Click on Purchase ID Button
Verified same purchase ID is occure Transactional details page
Click on close Button in transactional Details page
User enter ID in Username field
User Enter Password in password field
Click on submit button in login page
Click on Report Module
Click on Transaction Log Sub Module
Verify user is on the Transaction Log page
Click on the Date range
select date range :- Last 30 Days
User enter purchase ID in Purchase ID text Field
Click on Search Button
Verified both purchase ID is Matches]]>
  </system-out>
</testsuite> <!-- com.report.test.transactionLog -->
