<?xml version="1.0" encoding="UTF-8"?>
<!-- Generated by org.testng.reporters.JUnitReportReporter -->
<testsuite hostname="PS-L6" failures="0" tests="1" name="com.paySecure.testngClass.payoutDashboard" time="36.577" errors="0" timestamp="2025-06-25T22:49:14 IST" skipped="0">
  <testcase classname="com.paySecure.testngClass.payoutDashboard" name="verifyUserIsOnPayoutDashBoard" time="36.577">
    <system-out>
      <![CDATA[click on all merchants
search merchants from all merchants
click on the all merchants
click on total USD
search merchants from all merchants
click on the all merchants
click on Today filter
click on Today count
click on Monthly]]>
    </system-out>
  </testcase> <!-- verifyUserIsOnPayoutDashBoard -->
  <system-out>
    <![CDATA[click on all merchants
search merchants from all merchants
click on the all merchants
click on total USD
search merchants from all merchants
click on the all merchants
click on Today filter
click on Today count
click on Monthly]]>
  </system-out>
</testsuite> <!-- com.paySecure.testngClass.payoutDashboard -->
